#
# A fatal error has been detected by the Java Runtime Environment:
#
#  EXCEPTION_ACCESS_VIOLATION (0xc0000005) at pc=0x0000029410861066, pid=5876, tid=0x00000000000019b0
#
# JRE version: OpenJDK Runtime Environment (8.0_302-b08) (build 1.8.0_302-b08)
# Java VM: OpenJDK 64-Bit Server VM (25.302-b08 mixed mode windows-amd64 compressed oops)
# Problematic frame:
# C  [OpenAL64.dll+0x11066]
#
# Failed to write core dump. Minidumps are not enabled by default on client versions of Windows
#
# If you would like to submit a bug report, please visit:
#   https://github.com/adoptium/adoptium-support/issues
# The crash happened outside the Java Virtual Machine in native code.
# See problematic frame for where to report the bug.
#

---------------  T H R E A D  ---------------

Current thread (0x00000294741a7800):  JavaThread "main" [_thread_in_native, id=6576, stack(0x000000f780200000,0x000000f780300000)]

siginfo: ExceptionCode=0xc0000005, reading address 0x000002947f9b6004

Registers:
RAX=0x0000000000000004, RBX=0x00000294109d0090, RCX=0x000002947f9b6008, RDX=0x000002947f9b6004
RSP=0x000000f7802fc750, RBP=0x00000000000000ff, RSI=0x000002947f9b2b0c, RDI=0x0000000000000000
R8 =0x0000000000000d3e, R9 =0x000002947f9b2b0c, R10=0x0000029400019c62, R11=0x0000000059f81570
R12=0x0000000000000001, R13=0x000002941018c060, R14=0x000000f7802fc8f0, R15=0x00000294741a7800
RIP=0x0000029410861066, EFLAGS=0x0000000000010202

Top of Stack: (sp=0x000000f7802fc750)
0x000000f7802fc750:   0000000000000000 0000000000000000
0x000000f7802fc760:   0000000000000000 00000294741a7800
0x000000f7802fc770:   000000f7802fc8f0 0000000000000000
0x000000f7802fc780:   00000294741a7800 0000029474197bd0
0x000000f7802fc790:   000002941018c060 000002941018c060
0x000000f7802fc7a0:   00000294741736d0 0000000059e1a2f5
0x000000f7802fc7b0:   000000f7802fd080 0000029474173c90
0x000000f7802fc7c0:   00000294741a7800 000000f7802fc8f0
0x000000f7802fc7d0:   000002941018c060 0000000000000000
0x000000f7802fc7e0:   000002947f9b2b0c 0000000000000248
0x000000f7802fc7f0:   000000f7802fc8b8 000002941086248f
0x000000f7802fc800:   00000294109d0090 00000294109d0090
0x000000f7802fc810:   000000000000ac44 0000029400000004
0x000000f7802fc820:   0000029400007bd0 0000029400019c8e
0x000000f7802fc830:   000002941018c060 000000f7802fc838
0x000000f7802fc840:   0000029400007bd0 000002940001999b 

Instructions: (pc=0x0000029410861066)
0x0000029410861046:   41 2b ec 81 3a 03 00 02 00 75 09 8b 01 89 84 24
0x0000029410861056:   c8 00 00 00 49 83 c0 02 48 83 c1 08 4a 8d 14 86
0x0000029410861066:   39 3a 75 af 4c 8d 84 24 c0 00 00 00 48 8d 15 d7
0x0000029410861076:   2b 03 00 33 c9 e8 58 5f 00 00 b8 40 1f 00 00 4c 


Register to memory mapping:

RAX=0x0000000000000004 is an unknown value
RBX=0x00000294109d0090 is an unknown value
RCX=0x000002947f9b6008 is an unknown value
RDX=0x000002947f9b6004 is an unknown value
RSP=0x000000f7802fc750 is pointing into the stack for thread: 0x00000294741a7800
RBP=0x00000000000000ff is an unknown value
RSI=0x000002947f9b2b0c is an unknown value
RDI=0x0000000000000000 is an unknown value
R8 =0x0000000000000d3e is an unknown value
R9 =0x000002947f9b2b0c is an unknown value
R10=0x0000029400019c62 is at code_begin+962 in an Interpreter codelet
method entry point (kind = native)  [0x00000294000198a0, 0x000002940001a340]  2720 bytes
R11=0x0000000059f81570 is an unknown value
R12=0x0000000000000001 is an unknown value
R13={method} {0x000002941018c068} 'nalcCreateContext' '(JJ)J' in 'org/lwjgl/openal/ALC10'
R14=0x000000f7802fc8f0 is pointing into the stack for thread: 0x00000294741a7800
R15=0x00000294741a7800 is a thread


Stack: [0x000000f780200000,0x000000f780300000],  sp=0x000000f7802fc750,  free space=1009k
Native frames: (J=compiled Java code, j=interpreted, Vv=VM code, C=native code)
C  [OpenAL64.dll+0x11066]
C  [OpenAL64.dll+0x1248f]
C  0x0000029400019c8e

Java frames: (J=compiled Java code, j=interpreted, Vv=VM code)
j  org.lwjgl.openal.ALC10.nalcCreateContext(JJ)J+0
j  org.lwjgl.openal.ALC10.alcCreateContext(Lorg/lwjgl/openal/ALCdevice;Ljava/nio/IntBuffer;)Lorg/lwjgl/openal/ALCcontext;+8
j  org.lwjgl.openal.AL.init(Ljava/lang/String;IIZZ)V+69
j  org.lwjgl.openal.AL.create(Ljava/lang/String;IIZZ)V+246
j  org.lwjgl.openal.AL.create(Ljava/lang/String;IIZ)V+5
j  org.lwjgl.openal.AL.create()V+6
j  com.badlogic.gdx.backends.lwjgl.audio.OpenALAudio.<init>(III)V+114
j  com.badlogic.gdx.backends.lwjgl.LwjglApplication.<init>(Lcom/badlogic/gdx/ApplicationListener;Lcom/badlogic/gdx/backends/lwjgl/LwjglApplicationConfiguration;Lcom/badlogic/gdx/backends/lwjgl/LwjglGraphics;)V+120
j  com.badlogic.gdx.backends.lwjgl.LwjglApplication.<init>(Lcom/badlogic/gdx/ApplicationListener;Lcom/badlogic/gdx/backends/lwjgl/LwjglApplicationConfiguration;)V+11
j  org.uqbar.project.wollok.game.gameboard.WollokGDXApplication.<init>(Lorg/uqbar/project/wollok/game/gameboard/Gameboard;Ljava/lang/Boolean;)V+17
j  org.uqbar.project.wollok.game.helpers.Application.start(Lorg/uqbar/project/wollok/game/gameboard/Gameboard;Ljava/lang/Boolean;)V+5
j  org.uqbar.project.wollok.game.gameboard.Gameboard.start(Ljava/lang/Boolean;)V+13
j  wollok.game.GameObject.doStart(Ljava/lang/Boolean;)V+12
v  ~StubRoutines::call_stub
j  sun.reflect.NativeMethodAccessorImpl.invoke0(Ljava/lang/reflect/Method;Ljava/lang/Object;[Ljava/lang/Object;)Ljava/lang/Object;+0
j  sun.reflect.NativeMethodAccessorImpl.invoke(Ljava/lang/Object;[Ljava/lang/Object;)Ljava/lang/Object;+100
J 2704 C1 sun.reflect.DelegatingMethodAccessorImpl.invoke(Ljava/lang/Object;[Ljava/lang/Object;)Ljava/lang/Object; (10 bytes) @ 0x00000294008e5144 [0x00000294008e5040+0x104]
J 2703 C1 java.lang.reflect.Method.invoke(Ljava/lang/Object;[Ljava/lang/Object;)Ljava/lang/Object; (62 bytes) @ 0x00000294008e58ec [0x00000294008e5500+0x3ec]
j  org.uqbar.project.wollok.ui.utils.XTendUtilExtensions.invokeConvertingArgs(Ljava/lang/reflect/Method;Ljava/lang/Object;[Ljava/lang/Object;)Lorg/uqbar/project/wollok/interpreter/core/WollokObject;+261
j  org.uqbar.project.wollok.interpreter.AbstractWollokCallable._invokeNative(Ljava/lang/Object;Ljava/lang/String;[Lorg/uqbar/project/wollok/interpreter/core/WollokObject;)Lorg/uqbar/project/wollok/interpreter/core/WollokObject;+41
j  org.uqbar.project.wollok.interpreter.AbstractWollokCallable.invokeNative(Ljava/lang/Object;Ljava/lang/String;[Lorg/uqbar/project/wollok/interpreter/core/WollokObject;)Lorg/uqbar/project/wollok/interpreter/core/WollokObject;+26
j  org.uqbar.project.wollok.interpreter.AbstractWollokCallable$1.apply()Lorg/uqbar/project/wollok/interpreter/core/WollokObject;+55
j  org.uqbar.project.wollok.interpreter.AbstractWollokCallable$1.apply()Ljava/lang/Object;+1
j  org.uqbar.project.wollok.interpreter.threads.WThread.performOnStack(Lorg/eclipse/emf/ecore/EObject;Lorg/uqbar/project/wollok/interpreter/context/EvaluationContext;Lorg/eclipse/xtext/xbase/lib/Functions$Function0;)Lorg/uqbar/project/wollok/interpreter/core/WollokObject;+29
j  org.uqbar.project.wollok.interpreter.WollokInterpreter.performOnStack(Lorg/eclipse/emf/ecore/EObject;Lorg/uqbar/project/wollok/interpreter/context/EvaluationContext;Lorg/eclipse/xtext/xbase/lib/Functions$Function0;)Lorg/uqbar/project/wollok/interpreter/core/WollokObject;+7
j  org.uqbar.project.wollok.interpreter.AbstractWollokCallable.call(Lorg/uqbar/project/wollok/wollokDsl/WMethodDeclaration;[Lorg/uqbar/project/wollok/interpreter/core/WollokObject;)Lorg/uqbar/project/wollok/interpreter/core/WollokObject;+38
j  org.uqbar.project.wollok.interpreter.core.WollokObject.call(Ljava/lang/String;[Lorg/uqbar/project/wollok/interpreter/core/WollokObject;)Lorg/uqbar/project/wollok/interpreter/core/WollokObject;+55
j  org.uqbar.project.wollok.interpreter.WollokInterpreterEvaluator._evaluate(Lorg/uqbar/project/wollok/wollokDsl/WFeatureCall;)Lorg/uqbar/project/wollok/interpreter/core/WollokObject;+119
J 3273 C1 org.uqbar.project.wollok.launch.WollokLauncherInterpreterEvaluator.evaluate(Lorg/eclipse/emf/ecore/EObject;)Lorg/uqbar/project/wollok/interpreter/core/WollokObject; (502 bytes) @ 0x0000029400a272c4 [0x0000029400a26280+0x1044]
J 3275 C1 org.uqbar.project.wollok.interpreter.WollokInterpreter.eval(Lorg/eclipse/emf/ecore/EObject;)Lorg/uqbar/project/wollok/interpreter/core/WollokObject; (190 bytes) @ 0x0000029400a2c534 [0x0000029400a2c140+0x3f4]
j  org.uqbar.project.wollok.interpreter.WollokInterpreterEvaluator.eval(Lorg/eclipse/emf/ecore/EObject;)Lorg/uqbar/project/wollok/interpreter/core/WollokObject;+5
j  org.uqbar.project.wollok.interpreter.WollokInterpreterEvaluator$1.apply(Lorg/uqbar/project/wollok/interpreter/core/WollokObject;Lorg/eclipse/emf/ecore/EObject;)Lorg/uqbar/project/wollok/interpreter/core/WollokObject;+5
j  org.uqbar.project.wollok.interpreter.WollokInterpreterEvaluator$1.apply(Ljava/lang/Object;Ljava/lang/Object;)Ljava/lang/Object;+9
j  org.eclipse.xtext.xbase.lib.IteratorExtensions.fold(Ljava/util/Iterator;Ljava/lang/Object;Lorg/eclipse/xtext/xbase/lib/Functions$Function2;)Ljava/lang/Object;+19
j  org.eclipse.xtext.xbase.lib.IterableExtensions.fold(Ljava/lang/Iterable;Ljava/lang/Object;Lorg/eclipse/xtext/xbase/lib/Functions$Function2;)Ljava/lang/Object;+8
j  org.uqbar.project.wollok.interpreter.WollokInterpreterEvaluator.evalAll(Ljava/lang/Iterable;)Lorg/uqbar/project/wollok/interpreter/core/WollokObject;+12
j  org.uqbar.project.wollok.interpreter.WollokInterpreterEvaluator._evaluate(Lorg/uqbar/project/wollok/wollokDsl/WBlockExpression;)Lorg/uqbar/project/wollok/interpreter/core/WollokObject;+34
J 3273 C1 org.uqbar.project.wollok.launch.WollokLauncherInterpreterEvaluator.evaluate(Lorg/eclipse/emf/ecore/EObject;)Lorg/uqbar/project/wollok/interpreter/core/WollokObject; (502 bytes) @ 0x0000029400a27ea4 [0x0000029400a26280+0x1c24]
J 3275 C1 org.uqbar.project.wollok.interpreter.WollokInterpreter.eval(Lorg/eclipse/emf/ecore/EObject;)Lorg/uqbar/project/wollok/interpreter/core/WollokObject; (190 bytes) @ 0x0000029400a2c534 [0x0000029400a2c140+0x3f4]
j  org.uqbar.project.wollok.interpreter.AbstractWollokCallable.eval(Lorg/eclipse/emf/ecore/EObject;)Lorg/uqbar/project/wollok/interpreter/core/WollokObject;+5
j  org.uqbar.project.wollok.interpreter.AbstractWollokCallable$1.apply()Lorg/uqbar/project/wollok/interpreter/core/WollokObject;+110
j  org.uqbar.project.wollok.interpreter.AbstractWollokCallable$1.apply()Ljava/lang/Object;+1
j  org.uqbar.project.wollok.interpreter.threads.WThread.performOnStack(Lorg/eclipse/emf/ecore/EObject;Lorg/uqbar/project/wollok/interpreter/context/EvaluationContext;Lorg/eclipse/xtext/xbase/lib/Functions$Function0;)Lorg/uqbar/project/wollok/interpreter/core/WollokObject;+29
j  org.uqbar.project.wollok.interpreter.WollokInterpreter.performOnStack(Lorg/eclipse/emf/ecore/EObject;Lorg/uqbar/project/wollok/interpreter/context/EvaluationContext;Lorg/eclipse/xtext/xbase/lib/Functions$Function0;)Lorg/uqbar/project/wollok/interpreter/core/WollokObject;+7
j  org.uqbar.project.wollok.interpreter.AbstractWollokCallable.call(Lorg/uqbar/project/wollok/wollokDsl/WMethodDeclaration;[Lorg/uqbar/project/wollok/interpreter/core/WollokObject;)Lorg/uqbar/project/wollok/interpreter/core/WollokObject;+38
j  org.uqbar.project.wollok.interpreter.core.WollokObject.call(Ljava/lang/String;[Lorg/uqbar/project/wollok/interpreter/core/WollokObject;)Lorg/uqbar/project/wollok/interpreter/core/WollokObject;+55
j  org.uqbar.project.wollok.interpreter.WollokInterpreterEvaluator._evaluate(Lorg/uqbar/project/wollok/wollokDsl/WFeatureCall;)Lorg/uqbar/project/wollok/interpreter/core/WollokObject;+119
J 3273 C1 org.uqbar.project.wollok.launch.WollokLauncherInterpreterEvaluator.evaluate(Lorg/eclipse/emf/ecore/EObject;)Lorg/uqbar/project/wollok/interpreter/core/WollokObject; (502 bytes) @ 0x0000029400a272c4 [0x0000029400a26280+0x1044]
J 3275 C1 org.uqbar.project.wollok.interpreter.WollokInterpreter.eval(Lorg/eclipse/emf/ecore/EObject;)Lorg/uqbar/project/wollok/interpreter/core/WollokObject; (190 bytes) @ 0x0000029400a2c534 [0x0000029400a2c140+0x3f4]
j  org.uqbar.project.wollok.interpreter.WollokInterpreterEvaluator.eval(Lorg/eclipse/emf/ecore/EObject;)Lorg/uqbar/project/wollok/interpreter/core/WollokObject;+5
j  org.uqbar.project.wollok.interpreter.WollokInterpreterEvaluator$1.apply(Lorg/uqbar/project/wollok/interpreter/core/WollokObject;Lorg/eclipse/emf/ecore/EObject;)Lorg/uqbar/project/wollok/interpreter/core/WollokObject;+5
j  org.uqbar.project.wollok.interpreter.WollokInterpreterEvaluator$1.apply(Ljava/lang/Object;Ljava/lang/Object;)Ljava/lang/Object;+9
j  org.eclipse.xtext.xbase.lib.IteratorExtensions.fold(Ljava/util/Iterator;Ljava/lang/Object;Lorg/eclipse/xtext/xbase/lib/Functions$Function2;)Ljava/lang/Object;+19
j  org.eclipse.xtext.xbase.lib.IterableExtensions.fold(Ljava/lang/Iterable;Ljava/lang/Object;Lorg/eclipse/xtext/xbase/lib/Functions$Function2;)Ljava/lang/Object;+8
j  org.uqbar.project.wollok.interpreter.WollokInterpreterEvaluator.evalAll(Ljava/lang/Iterable;)Lorg/uqbar/project/wollok/interpreter/core/WollokObject;+12
j  org.uqbar.project.wollok.interpreter.WollokInterpreterEvaluator._evaluate(Lorg/uqbar/project/wollok/wollokDsl/WProgram;)Lorg/uqbar/project/wollok/interpreter/core/WollokObject;+18
j  org.uqbar.project.wollok.launch.WollokLauncherInterpreterEvaluator.evaluate(Lorg/eclipse/emf/ecore/EObject;)Lorg/uqbar/project/wollok/interpreter/core/WollokObject;+444
j  org.uqbar.project.wollok.interpreter.WollokInterpreterEvaluator.evaluate(Lorg/eclipse/emf/ecore/EObject;)Ljava/lang/Object;+2
j  org.uqbar.project.wollok.interpreter.WollokInterpreter.eval(Lorg/eclipse/emf/ecore/EObject;)Lorg/uqbar/project/wollok/interpreter/core/WollokObject;+63
j  org.uqbar.project.wollok.interpreter.WollokInterpreterEvaluator.eval(Lorg/eclipse/emf/ecore/EObject;)Lorg/uqbar/project/wollok/interpreter/core/WollokObject;+5
j  org.uqbar.project.wollok.launch.WollokLauncherInterpreterEvaluator._evaluate(Lorg/uqbar/project/wollok/wollokDsl/WFile;)Lorg/uqbar/project/wollok/interpreter/core/WollokObject;+32
j  org.uqbar.project.wollok.launch.WollokLauncherInterpreterEvaluator.evaluate(Lorg/eclipse/emf/ecore/EObject;)Lorg/uqbar/project/wollok/interpreter/core/WollokObject;+428
j  org.uqbar.project.wollok.interpreter.WollokInterpreterEvaluator.evaluate(Lorg/eclipse/emf/ecore/EObject;)Ljava/lang/Object;+2
j  org.uqbar.project.wollok.interpreter.WollokInterpreter.interpret(Lorg/eclipse/emf/ecore/EObject;Ljava/lang/Boolean;)Lorg/uqbar/project/wollok/interpreter/core/WollokObject;+25
j  org.uqbar.project.wollok.interpreter.WollokInterpreter.interpret(Lorg/eclipse/emf/ecore/EObject;)Lorg/uqbar/project/wollok/interpreter/core/WollokObject;+8
j  org.uqbar.project.wollok.launch.WollokLauncher.doSomething(Lorg/uqbar/project/wollok/wollokDsl/WFile;Lcom/google/inject/Injector;Ljava/io/File;Lorg/uqbar/project/wollok/launch/WollokLauncherParameters;)V+109
j  org.uqbar.project.wollok.launch.WollokChecker.launch(Ljava/lang/String;Lorg/uqbar/project/wollok/launch/WollokLauncherParameters;)V+31
j  org.uqbar.project.wollok.launch.WollokChecker.doMain([Ljava/lang/String;)V+205
j  org.uqbar.project.wollok.launch.WollokLauncher.main([Ljava/lang/String;)V+8
v  ~StubRoutines::call_stub

---------------  P R O C E S S  ---------------

Java Threads: ( => current thread )
  0x000002947ce8d800 JavaThread "com.google.inject.internal.util.$Finalizer" daemon [_thread_blocked, id=14652, stack(0x000000f781200000,0x000000f781300000)]
  0x000002947cbf8800 JavaThread "EMF Reference Cleaner" daemon [_thread_blocked, id=10160, stack(0x000000f781100000,0x000000f781200000)]
  0x000002947ba99000 JavaThread "Service Thread" daemon [_thread_blocked, id=1292, stack(0x000000f780f00000,0x000000f781000000)]
  0x000002947ba24800 JavaThread "C1 CompilerThread2" daemon [_thread_blocked, id=6076, stack(0x000000f780e00000,0x000000f780f00000)]
  0x000002947ba1c800 JavaThread "C2 CompilerThread1" daemon [_thread_blocked, id=15748, stack(0x000000f780d00000,0x000000f780e00000)]
  0x000002947ba18800 JavaThread "C2 CompilerThread0" daemon [_thread_blocked, id=14496, stack(0x000000f780c00000,0x000000f780d00000)]
  0x000002947ba0e800 JavaThread "Attach Listener" daemon [_thread_blocked, id=932, stack(0x000000f780b00000,0x000000f780c00000)]
  0x000002947ba0b800 JavaThread "Signal Dispatcher" daemon [_thread_blocked, id=4676, stack(0x000000f780a00000,0x000000f780b00000)]
  0x000002947b9e1000 JavaThread "Finalizer" daemon [_thread_blocked, id=7076, stack(0x000000f780900000,0x000000f780a00000)]
  0x000002947b9d9800 JavaThread "Reference Handler" daemon [_thread_blocked, id=5304, stack(0x000000f780800000,0x000000f780900000)]
=>0x00000294741a7800 JavaThread "main" [_thread_in_native, id=6576, stack(0x000000f780200000,0x000000f780300000)]

Other Threads:
  0x000002947b29c800 VMThread [stack: 0x000000f780700000,0x000000f780800000] [id=6768]
  0x000002947ba9b000 WatcherThread [stack: 0x000000f781000000,0x000000f781100000] [id=6884]

VM state:not at safepoint (normal execution)

VM Mutex/Monitor currently owned by a thread: None

heap address: 0x0000000081000000, size: 2032 MB, Compressed Oops mode: 32-bit
Narrow klass base: 0x0000000000000000, Narrow klass shift: 3
Compressed class space size: 1073741824 Address: 0x0000000100000000

Heap:
 PSYoungGen      total 71680K, used 4050K [0x00000000d5b00000, 0x00000000df900000, 0x0000000100000000)
  eden space 66560K, 6% used [0x00000000d5b00000,0x00000000d5ef4958,0x00000000d9c00000)
  from space 5120K, 0% used [0x00000000d9c00000,0x00000000d9c00000,0x00000000da100000)
  to   space 14336K, 0% used [0x00000000deb00000,0x00000000deb00000,0x00000000df900000)
 ParOldGen       total 82432K, used 21677K [0x0000000081000000, 0x0000000086080000, 0x00000000d5b00000)
  object space 82432K, 26% used [0x0000000081000000,0x000000008252b780,0x0000000086080000)
 Metaspace       used 21365K, capacity 21656K, committed 21760K, reserved 1069056K
  class space    used 2698K, capacity 2768K, committed 2816K, reserved 1048576K

Card table byte_map: [0x0000029475f70000,0x0000029476370000] byte_map_base: 0x0000029475b68000

Marking Bits: (ParMarkBitMap*) 0x000000005a56c820
 Begin Bits: [0x0000029476620000, 0x00000294785e0000)
 End Bits:   [0x00000294785e0000, 0x000002947a5a0000)

Polling page: 0x00000294742d0000

CodeCache: size=245760Kb used=10806Kb max_used=10852Kb free=234953Kb
 bounds [0x0000029400000000, 0x0000029400ab0000, 0x000002940f000000]
 total_blobs=3800 nmethods=3358 adapters=353
 compilation: enabled

Compilation events (10 events):
Event: 3.102 Thread 0x000002947ba1c800 2802       4       org.eclipse.emf.common.util.ArrayDelegatingEList::addUnique (42 bytes)
Event: 3.109 Thread 0x000002947ba24800 3361       3       java.nio.DirectByteBuffer::put (18 bytes)
Event: 3.109 Thread 0x000002947ba24800 nmethod 3361 0x0000029400a75f10 code [0x0000029400a76080, 0x0000029400a762f8]
Event: 3.109 Thread 0x000002947ba24800 3362       3       java.nio.DirectByteBuffer::ix (10 bytes)
Event: 3.110 Thread 0x000002947ba24800 nmethod 3362 0x0000029400a75bd0 code [0x0000029400a75d20, 0x0000029400a75e78]
Event: 3.110 Thread 0x000002947ba24800 3364       3       java.nio.DirectByteBuffer::put (18 bytes)
Event: 3.110 Thread 0x000002947ba24800 nmethod 3364 0x0000029400a756d0 code [0x0000029400a75840, 0x0000029400a75ab8]
Event: 3.120 Thread 0x000002947ba1c800 nmethod 2802 0x0000029400a7ac50 code [0x0000029400a7ae40, 0x0000029400a7bf48]
Event: 3.120 Thread 0x000002947ba1c800 3360       4       sun.nio.cs.UTF_8$Encoder::encode (359 bytes)
Event: 3.127 Thread 0x000002947ba1c800 nmethod 3360 0x0000029400a7d210 code [0x0000029400a7d380, 0x0000029400a7dab8]

GC Heap History (10 events):
Event: 1.102 GC heap before
{Heap before GC invocations=2 (full 0):
 PSYoungGen      total 38400K, used 38371K [0x00000000d5b00000, 0x00000000d8580000, 0x0000000100000000)
  eden space 33280K, 100% used [0x00000000d5b00000,0x00000000d7b80000,0x00000000d7b80000)
  from space 5120K, 99% used [0x00000000d7b80000,0x00000000d8078f98,0x00000000d8080000)
  to   space 5120K, 0% used [0x00000000d8080000,0x00000000d8080000,0x00000000d8580000)
 ParOldGen       total 87552K, used 1718K [0x0000000081000000, 0x0000000086580000, 0x00000000d5b00000)
  object space 87552K, 1% used [0x0000000081000000,0x00000000811adb10,0x0000000086580000)
 Metaspace       used 8713K, capacity 8808K, committed 9088K, reserved 1056768K
  class space    used 1041K, capacity 1076K, committed 1152K, reserved 1048576K
Event: 1.114 GC heap after
Heap after GC invocations=2 (full 0):
 PSYoungGen      total 38400K, used 5106K [0x00000000d5b00000, 0x00000000da600000, 0x0000000100000000)
  eden space 33280K, 0% used [0x00000000d5b00000,0x00000000d5b00000,0x00000000d7b80000)
  from space 5120K, 99% used [0x00000000d8080000,0x00000000d857c8b8,0x00000000d8580000)
  to   space 5120K, 0% used [0x00000000d7b80000,0x00000000d7b80000,0x00000000d8080000)
 ParOldGen       total 87552K, used 11239K [0x0000000081000000, 0x0000000086580000, 0x00000000d5b00000)
  object space 87552K, 12% used [0x0000000081000000,0x0000000081af9da0,0x0000000086580000)
 Metaspace       used 8713K, capacity 8808K, committed 9088K, reserved 1056768K
  class space    used 1041K, capacity 1076K, committed 1152K, reserved 1048576K
}
Event: 1.487 GC heap before
{Heap before GC invocations=3 (full 0):
 PSYoungGen      total 38400K, used 38386K [0x00000000d5b00000, 0x00000000da600000, 0x0000000100000000)
  eden space 33280K, 100% used [0x00000000d5b00000,0x00000000d7b80000,0x00000000d7b80000)
  from space 5120K, 99% used [0x00000000d8080000,0x00000000d857c8b8,0x00000000d8580000)
  to   space 5120K, 0% used [0x00000000d7b80000,0x00000000d7b80000,0x00000000d8080000)
 ParOldGen       total 87552K, used 11239K [0x0000000081000000, 0x0000000086580000, 0x00000000d5b00000)
  object space 87552K, 12% used [0x0000000081000000,0x0000000081af9da0,0x0000000086580000)
 Metaspace       used 12145K, capacity 12244K, committed 12416K, reserved 1060864K
  class space    used 1525K, capacity 1558K, committed 1664K, reserved 1048576K
Event: 1.496 GC heap after
Heap after GC invocations=3 (full 0):
 PSYoungGen      total 38400K, used 5090K [0x00000000d5b00000, 0x00000000da600000, 0x0000000100000000)
  eden space 33280K, 0% used [0x00000000d5b00000,0x00000000d5b00000,0x00000000d7b80000)
  from space 5120K, 99% used [0x00000000d7b80000,0x00000000d80788c8,0x00000000d8080000)
  to   space 5120K, 0% used [0x00000000da100000,0x00000000da100000,0x00000000da600000)
 ParOldGen       total 87552K, used 17562K [0x0000000081000000, 0x0000000086580000, 0x00000000d5b00000)
  object space 87552K, 20% used [0x0000000081000000,0x0000000082126820,0x0000000086580000)
 Metaspace       used 12145K, capacity 12244K, committed 12416K, reserved 1060864K
  class space    used 1525K, capacity 1558K, committed 1664K, reserved 1048576K
}
Event: 2.061 GC heap before
{Heap before GC invocations=4 (full 0):
 PSYoungGen      total 38400K, used 38370K [0x00000000d5b00000, 0x00000000da600000, 0x0000000100000000)
  eden space 33280K, 100% used [0x00000000d5b00000,0x00000000d7b80000,0x00000000d7b80000)
  from space 5120K, 99% used [0x00000000d7b80000,0x00000000d80788c8,0x00000000d8080000)
  to   space 5120K, 0% used [0x00000000da100000,0x00000000da100000,0x00000000da600000)
 ParOldGen       total 87552K, used 17562K [0x0000000081000000, 0x0000000086580000, 0x00000000d5b00000)
  object space 87552K, 20% used [0x0000000081000000,0x0000000082126820,0x0000000086580000)
 Metaspace       used 16461K, capacity 16554K, committed 16768K, reserved 1064960K
  class space    used 2136K, capacity 2175K, committed 2176K, reserved 1048576K
Event: 2.072 GC heap after
Heap after GC invocations=4 (full 0):
 PSYoungGen      total 71680K, used 5088K [0x00000000d5b00000, 0x00000000da600000, 0x0000000100000000)
  eden space 66560K, 0% used [0x00000000d5b00000,0x00000000d5b00000,0x00000000d9c00000)
  from space 5120K, 99% used [0x00000000da100000,0x00000000da5f8040,0x00000000da600000)
  to   space 5120K, 0% used [0x00000000d9c00000,0x00000000d9c00000,0x00000000da100000)
 ParOldGen       total 87552K, used 24038K [0x0000000081000000, 0x0000000086580000, 0x00000000d5b00000)
  object space 87552K, 27% used [0x0000000081000000,0x0000000082779b98,0x0000000086580000)
 Metaspace       used 16461K, capacity 16554K, committed 16768K, reserved 1064960K
  class space    used 2136K, capacity 2175K, committed 2176K, reserved 1048576K
}
Event: 2.908 GC heap before
{Heap before GC invocations=5 (full 0):
 PSYoungGen      total 71680K, used 58229K [0x00000000d5b00000, 0x00000000da600000, 0x0000000100000000)
  eden space 66560K, 79% used [0x00000000d5b00000,0x00000000d8ee5638,0x00000000d9c00000)
  from space 5120K, 99% used [0x00000000da100000,0x00000000da5f8040,0x00000000da600000)
  to   space 5120K, 0% used [0x00000000d9c00000,0x00000000d9c00000,0x00000000da100000)
 ParOldGen       total 87552K, used 24038K [0x0000000081000000, 0x0000000086580000, 0x00000000d5b00000)
  object space 87552K, 27% used [0x0000000081000000,0x0000000082779b98,0x0000000086580000)
 Metaspace       used 20843K, capacity 21080K, committed 21248K, reserved 1067008K
  class space    used 2630K, capacity 2704K, committed 2816K, reserved 1048576K
Event: 2.922 GC heap after
Heap after GC invocations=5 (full 0):
 PSYoungGen      total 71680K, used 5104K [0x00000000d5b00000, 0x00000000df900000, 0x0000000100000000)
  eden space 66560K, 0% used [0x00000000d5b00000,0x00000000d5b00000,0x00000000d9c00000)
  from space 5120K, 99% used [0x00000000d9c00000,0x00000000da0fc040,0x00000000da100000)
  to   space 14336K, 0% used [0x00000000deb00000,0x00000000deb00000,0x00000000df900000)
 ParOldGen       total 87552K, used 29563K [0x0000000081000000, 0x0000000086580000, 0x00000000d5b00000)
  object space 87552K, 33% used [0x0000000081000000,0x0000000082cdecf0,0x0000000086580000)
 Metaspace       used 20843K, capacity 21080K, committed 21248K, reserved 1067008K
  class space    used 2630K, capacity 2704K, committed 2816K, reserved 1048576K
}
Event: 2.922 GC heap before
{Heap before GC invocations=6 (full 1):
 PSYoungGen      total 71680K, used 5104K [0x00000000d5b00000, 0x00000000df900000, 0x0000000100000000)
  eden space 66560K, 0% used [0x00000000d5b00000,0x00000000d5b00000,0x00000000d9c00000)
  from space 5120K, 99% used [0x00000000d9c00000,0x00000000da0fc040,0x00000000da100000)
  to   space 14336K, 0% used [0x00000000deb00000,0x00000000deb00000,0x00000000df900000)
 ParOldGen       total 87552K, used 29563K [0x0000000081000000, 0x0000000086580000, 0x00000000d5b00000)
  object space 87552K, 33% used [0x0000000081000000,0x0000000082cdecf0,0x0000000086580000)
 Metaspace       used 20843K, capacity 21080K, committed 21248K, reserved 1067008K
  class space    used 2630K, capacity 2704K, committed 2816K, reserved 1048576K
Event: 2.987 GC heap after
Heap after GC invocations=6 (full 1):
 PSYoungGen      total 71680K, used 0K [0x00000000d5b00000, 0x00000000df900000, 0x0000000100000000)
  eden space 66560K, 0% used [0x00000000d5b00000,0x00000000d5b00000,0x00000000d9c00000)
  from space 5120K, 0% used [0x00000000d9c00000,0x00000000d9c00000,0x00000000da100000)
  to   space 14336K, 0% used [0x00000000deb00000,0x00000000deb00000,0x00000000df900000)
 ParOldGen       total 82432K, used 21677K [0x0000000081000000, 0x0000000086080000, 0x00000000d5b00000)
  object space 82432K, 26% used [0x0000000081000000,0x000000008252b780,0x0000000086080000)
 Metaspace       used 20843K, capacity 21080K, committed 21248K, reserved 1067008K
  class space    used 2630K, capacity 2704K, committed 2816K, reserved 1048576K
}

Deoptimization events (10 events):
Event: 2.451 Thread 0x00000294741a7800 Uncommon trap: reason=unstable_if action=reinterpret pc=0x00000294007e2e38 method=java.util.HashMap.computeIfAbsent(Ljava/lang/Object;Ljava/util/function/Function;)Ljava/lang/Object; @ 44
Event: 2.469 Thread 0x00000294741a7800 Uncommon trap: reason=unstable_if action=reinterpret pc=0x000002940069e010 method=sun.nio.cs.UTF_8$Decoder.decodeArrayLoop(Ljava/nio/ByteBuffer;Ljava/nio/CharBuffer;)Ljava/nio/charset/CoderResult; @ 84
Event: 2.604 Thread 0x00000294741a7800 Uncommon trap: reason=unstable_if action=reinterpret pc=0x000002940055967c method=java.util.concurrent.ConcurrentHashMap.putVal(Ljava/lang/Object;Ljava/lang/Object;Z)Ljava/lang/Object; @ 181
Event: 2.663 Thread 0x00000294741a7800 Uncommon trap: reason=unstable_if action=reinterpret pc=0x000002940094fc98 method=org.eclipse.emf.common.notify.impl.NotifierImpl.eAdapters()Lorg/eclipse/emf/common/util/EList; @ 4
Event: 2.664 Thread 0x00000294741a7800 Uncommon trap: reason=unstable_if action=reinterpret pc=0x000002940092e7c8 method=org.uqbar.project.wollok.parser.antlr.internal.InternalWollokDslLexer.mRULE_WS()V @ 40
Event: 2.665 Thread 0x00000294741a7800 Uncommon trap: reason=unstable_if action=reinterpret pc=0x0000029400953694 method=org.eclipse.emf.common.notify.impl.BasicNotifierImpl$EAdapterList.getAdapterForType(Ljava/lang/Object;)Lorg/eclipse/emf/common/notify/Adapter; @ 50
Event: 3.003 Thread 0x00000294741a7800 Uncommon trap: reason=unstable_if action=reinterpret pc=0x00000294003479c4 method=java.io.WinNTFileSystem.normalize(Ljava/lang/String;)Ljava/lang/String; @ 49
Event: 3.090 Thread 0x00000294741a7800 Uncommon trap: reason=unstable_if action=reinterpret pc=0x00000294001b2344 method=java.lang.ThreadLocal$ThreadLocalMap.getEntry(Ljava/lang/ThreadLocal;)Ljava/lang/ThreadLocal$ThreadLocalMap$Entry; @ 29
Event: 3.091 Thread 0x00000294741a7800 Uncommon trap: reason=unstable_if action=reinterpret pc=0x00000294001c6b5c method=java.lang.ThreadLocal$ThreadLocalMap.getEntry(Ljava/lang/ThreadLocal;)Ljava/lang/ThreadLocal$ThreadLocalMap$Entry; @ 29
Event: 3.092 Thread 0x00000294741a7800 Uncommon trap: reason=unstable_if action=reinterpret pc=0x00000294001fe9d0 method=sun.nio.cs.UTF_8$Encoder.encode([CII[B)I @ 33

Classes redefined (0 events):
No events

Internal exceptions (10 events):
Event: 2.690 Thread 0x00000294741a7800 Exception <a 'java/lang/reflect/InvocationTargetException'> (0x00000000d7b2a658) thrown at [J:\jenkins\tmp\workspace\build\src\hotspot\src\share\vm\runtime\reflection.cpp, line 1092]
Event: 2.691 Thread 0x00000294741a7800 Exception <a 'java/lang/reflect/InvocationTargetException'> (0x00000000d7b46ef8) thrown at [J:\jenkins\tmp\workspace\build\src\hotspot\src\share\vm\runtime\reflection.cpp, line 1092]
Event: 2.695 Thread 0x00000294741a7800 Exception <a 'java/lang/reflect/InvocationTargetException'> (0x00000000d7b89078) thrown at [J:\jenkins\tmp\workspace\build\src\hotspot\src\share\vm\runtime\reflection.cpp, line 1092]
Event: 2.696 Thread 0x00000294741a7800 Exception <a 'java/lang/reflect/InvocationTargetException'> (0x00000000d7ba8038) thrown at [J:\jenkins\tmp\workspace\build\src\hotspot\src\share\vm\runtime\reflection.cpp, line 1092]
Event: 3.118 Thread 0x00000294741a7800 Exception <a 'java/security/PrivilegedActionException'> (0x00000000d5e28b60) thrown at [J:\jenkins\tmp\workspace\build\src\hotspot\src\share\vm\prims\jvm.cpp, line 1523]
Event: 3.118 Thread 0x00000294741a7800 Exception <a 'java/security/PrivilegedActionException'> (0x00000000d5e2a090) thrown at [J:\jenkins\tmp\workspace\build\src\hotspot\src\share\vm\prims\jvm.cpp, line 1523]
Event: 3.118 Thread 0x00000294741a7800 Exception <a 'java/security/PrivilegedActionException'> (0x00000000d5e2b4c0) thrown at [J:\jenkins\tmp\workspace\build\src\hotspot\src\share\vm\prims\jvm.cpp, line 1523]
Event: 3.119 Thread 0x00000294741a7800 Exception <a 'java/security/PrivilegedActionException'> (0x00000000d5e2cb80) thrown at [J:\jenkins\tmp\workspace\build\src\hotspot\src\share\vm\prims\jvm.cpp, line 1523]
Event: 3.119 Thread 0x00000294741a7800 Exception <a 'java/security/PrivilegedActionException'> (0x00000000d5e2df78) thrown at [J:\jenkins\tmp\workspace\build\src\hotspot\src\share\vm\prims\jvm.cpp, line 1523]
Event: 3.119 Thread 0x00000294741a7800 Exception <a 'java/security/PrivilegedActionException'> (0x00000000d5e2f340) thrown at [J:\jenkins\tmp\workspace\build\src\hotspot\src\share\vm\prims\jvm.cpp, line 1523]

Events (10 events):
Event: 3.149 loading class org/lwjgl/openal/ALCdevice
Event: 3.149 loading class org/lwjgl/openal/ALCdevice done
Event: 3.149 loading class org/lwjgl/openal/ALCcontext
Event: 3.149 loading class org/lwjgl/openal/ALCcontext done
Event: 3.150 loading class java/nio/DirectIntBufferU
Event: 3.150 loading class java/nio/DirectIntBufferU done
Event: 3.150 loading class org/lwjgl/openal/Util
Event: 3.150 loading class org/lwjgl/openal/Util done
Event: 3.150 loading class org/lwjgl/openal/OpenALException
Event: 3.150 loading class org/lwjgl/openal/OpenALException done


Dynamic libraries:
0x00007ff654b20000 - 0x00007ff654b5a000 	C:\Program Files\Eclipse Foundation\jdk-8.0.302.8-hotspot\bin\javaw.exe
0x00007ffda0710000 - 0x00007ffda0905000 	C:\Windows\SYSTEM32\ntdll.dll
0x00007ffd9f350000 - 0x00007ffd9f40e000 	C:\Windows\System32\KERNEL32.DLL
0x00007ffd9e010000 - 0x00007ffd9e2d9000 	C:\Windows\System32\KERNELBASE.dll
0x00007ffd9f2a0000 - 0x00007ffd9f34c000 	C:\Windows\System32\ADVAPI32.dll
0x00007ffd9eea0000 - 0x00007ffd9ef3e000 	C:\Windows\System32\msvcrt.dll
0x00007ffd9fa70000 - 0x00007ffd9fb0b000 	C:\Windows\System32\sechost.dll
0x00007ffd9f170000 - 0x00007ffd9f29a000 	C:\Windows\System32\RPCRT4.dll
0x00007ffd9fb10000 - 0x00007ffd9fcb1000 	C:\Windows\System32\USER32.dll
0x00007ffd9e730000 - 0x00007ffd9e752000 	C:\Windows\System32\win32u.dll
0x00007ffd9f770000 - 0x00007ffd9f79b000 	C:\Windows\System32\GDI32.dll
0x00007ffd9e440000 - 0x00007ffd9e54b000 	C:\Windows\System32\gdi32full.dll
0x00007ffd9de30000 - 0x00007ffd9decd000 	C:\Windows\System32\msvcp_win.dll
0x00007ffd9e630000 - 0x00007ffd9e730000 	C:\Windows\System32\ucrtbase.dll
0x00007ffd87520000 - 0x00007ffd877ba000 	C:\Windows\WinSxS\amd64_microsoft.windows.common-controls_6595b64144ccf1df_6.0.19041.1110_none_60b5254171f9507e\COMCTL32.dll
0x00007ffd9eff0000 - 0x00007ffd9f020000 	C:\Windows\System32\IMM32.DLL
0x00007ffd87040000 - 0x00007ffd8712f000 	C:\Program Files\Eclipse Foundation\jdk-8.0.302.8-hotspot\jre\bin\msvcr120.dll
0x00007ffd7b950000 - 0x00007ffd7b9f6000 	C:\Program Files\Eclipse Foundation\jdk-8.0.302.8-hotspot\jre\bin\msvcp120.dll
0x0000000059d80000 - 0x000000005a5eb000 	C:\Program Files\Eclipse Foundation\jdk-8.0.302.8-hotspot\jre\bin\server\jvm.dll
0x00007ffd9f0d0000 - 0x00007ffd9f0d8000 	C:\Windows\System32\PSAPI.DLL
0x00007ffd99620000 - 0x00007ffd99629000 	C:\Windows\SYSTEM32\WSOCK32.dll
0x00007ffda05e0000 - 0x00007ffda064b000 	C:\Windows\System32\WS2_32.dll
0x00007ffd91130000 - 0x00007ffd91157000 	C:\Windows\SYSTEM32\WINMM.dll
0x00007ffd98cf0000 - 0x00007ffd98cfa000 	C:\Windows\SYSTEM32\VERSION.dll
0x00007ffd97590000 - 0x00007ffd9759f000 	C:\Program Files\Eclipse Foundation\jdk-8.0.302.8-hotspot\jre\bin\verify.dll
0x00007ffd8d520000 - 0x00007ffd8d549000 	C:\Program Files\Eclipse Foundation\jdk-8.0.302.8-hotspot\jre\bin\java.dll
0x00007ffd8e8b0000 - 0x00007ffd8e8c6000 	C:\Program Files\Eclipse Foundation\jdk-8.0.302.8-hotspot\jre\bin\zip.dll
0x00007ffd9e760000 - 0x00007ffd9ee9f000 	C:\Windows\System32\SHELL32.dll
0x00007ffd9bf50000 - 0x00007ffd9c6e0000 	C:\Windows\SYSTEM32\windows.storage.dll
0x00007ffd9f410000 - 0x00007ffd9f765000 	C:\Windows\System32\combase.dll
0x00007ffd9d880000 - 0x00007ffd9d8ac000 	C:\Windows\SYSTEM32\Wldp.dll
0x00007ffd9ef40000 - 0x00007ffd9efed000 	C:\Windows\System32\SHCORE.dll
0x00007ffd9ff40000 - 0x00007ffd9ff95000 	C:\Windows\System32\shlwapi.dll
0x00007ffd9dd70000 - 0x00007ffd9dd8f000 	C:\Windows\SYSTEM32\profapi.dll
0x0000000065580000 - 0x0000000065616000 	C:\Users\ffari\AppData\Local\Temp\libgdxDalekesovo\12dfaa03\gdx64.dll
0x00007ffd9d7d0000 - 0x00007ffd9d7e8000 	C:\Windows\SYSTEM32\CRYPTSP.dll
0x00007ffd9cef0000 - 0x00007ffd9cf24000 	C:\Windows\system32\rsaenh.dll
0x00007ffd9e5b0000 - 0x00007ffd9e5d7000 	C:\Windows\System32\bcrypt.dll
0x00007ffd9dd30000 - 0x00007ffd9dd5e000 	C:\Windows\SYSTEM32\USERENV.dll
0x00007ffd9df80000 - 0x00007ffd9e003000 	C:\Windows\System32\bcryptprimitives.dll
0x00007ffd9d7f0000 - 0x00007ffd9d7fc000 	C:\Windows\SYSTEM32\CRYPTBASE.dll
0x00007ffd8d610000 - 0x00007ffd8d62a000 	C:\Program Files\Eclipse Foundation\jdk-8.0.302.8-hotspot\jre\bin\net.dll
0x00007ffd9d5e0000 - 0x00007ffd9d64a000 	C:\Windows\system32\mswsock.dll
0x00007ffd9d280000 - 0x00007ffd9d2bb000 	C:\Windows\SYSTEM32\IPHLPAPI.DLL
0x00007ffda0150000 - 0x00007ffda0158000 	C:\Windows\System32\NSI.dll
0x00007ffd991c0000 - 0x00007ffd991d7000 	C:\Windows\SYSTEM32\dhcpcsvc6.DLL
0x00007ffd99100000 - 0x00007ffd9911d000 	C:\Windows\SYSTEM32\dhcpcsvc.DLL
0x00007ffd9d2c0000 - 0x00007ffd9d38c000 	C:\Windows\SYSTEM32\DNSAPI.dll
0x00007ffd8d230000 - 0x00007ffd8d242000 	C:\Program Files\Eclipse Foundation\jdk-8.0.302.8-hotspot\jre\bin\nio.dll
0x0000000180000000 - 0x0000000180053000 	C:\Users\ffari\AppData\Local\Temp\libgdxDalekesovo\dc0f0009\lwjgl64.dll
0x00007ffd79160000 - 0x00007ffd79285000 	C:\Windows\SYSTEM32\OPENGL32.dll
0x00007ffd96b30000 - 0x00007ffd96b5c000 	C:\Windows\SYSTEM32\GLU32.dll
0x0000029410850000 - 0x00000294108b4000 	C:\Users\ffari\AppData\Local\Temp\libgdxDalekesovo\dc0f0009\OpenAL64.dll
0x00007ffd9ffa0000 - 0x00007ffda00ca000 	C:\Windows\System32\ole32.dll
0x00007ffd9bc70000 - 0x00007ffd9bc82000 	C:\Windows\SYSTEM32\kernel.appcore.dll
0x00007ffd9b870000 - 0x00007ffd9b90e000 	C:\Windows\system32\uxtheme.dll
0x00007ffd9f020000 - 0x00007ffd9f0c9000 	C:\Windows\System32\clbcatq.dll
0x00007ffd6e140000 - 0x00007ffd6e1dc000 	C:\Windows\SYSTEM32\dsound.dll
0x00007ffd9d3f0000 - 0x00007ffd9d43b000 	C:\Windows\SYSTEM32\powrprof.dll
0x00007ffd7fbb0000 - 0x00007ffd7fbd6000 	C:\Windows\SYSTEM32\winmmbase.dll
0x00007ffd9d260000 - 0x00007ffd9d272000 	C:\Windows\SYSTEM32\UMPDC.dll
0x00007ffd992a0000 - 0x00007ffd99325000 	C:\Windows\System32\MMDevApi.dll
0x00007ffd9dbd0000 - 0x00007ffd9dc04000 	C:\Windows\System32\DEVOBJ.dll
0x00007ffd9e5e0000 - 0x00007ffd9e62e000 	C:\Windows\System32\cfgmgr32.dll
0x00007ffd99390000 - 0x00007ffd99511000 	C:\Windows\SYSTEM32\AUDIOSES.DLL
0x00007ffd9f7a0000 - 0x00007ffd9f86d000 	C:\Windows\System32\OLEAUT32.dll
0x00007ffd982e0000 - 0x00007ffd984c4000 	C:\Windows\SYSTEM32\dbghelp.dll

VM Arguments:
jvm_args: -Duser.language=es_MX -Dfile.encoding=UTF-8 
java_command: org.uqbar.project.wollok.launch.WollokLauncher -requestsPort 0 -eventsPort 0 -folder -dontValidate -coercingStrategy decimals -wf src/juego.wpgm -darkMode
java_class_path (initial): C:\Users\ffari\git\2021s2---tp-juego-grupo6\bin;D:\UNQ\PR. CON OBJETOS 1\WOLLOK\plugins\com.ibm.icu_64.2.0.v20190507-1337.jar;D:\UNQ\PR. CON OBJETOS 1\WOLLOK\plugins\org.eclipse.xtext_2.20.0.v20191202-0915.jar;D:\UNQ\PR. CON OBJETOS 1\WOLLOK\plugins\org.eclipse.emf.ecore.xmi_2.16.0.v20190528-0725.jar;D:\UNQ\PR. CON OBJETOS 1\WOLLOK\plugins\org.eclipse.emf.ecore_2.20.0.v20190920-0401.jar;D:\UNQ\PR. CON OBJETOS 1\WOLLOK\plugins\org.eclipse.emf.common_2.17.0.v20190920-0401.jar;D:\UNQ\PR. CON OBJETOS 1\WOLLOK\plugins\org.antlr.runtime_3.2.0.v201101311130.jar;D:\UNQ\PR. CON OBJETOS 1\WOLLOK\plugins\com.google.inject_3.0.0.v201605172100.jar;D:\UNQ\PR. CON OBJETOS 1\WOLLOK\plugins\org.eclipse.emf.mwe.core_1.5.1.v20191121-1148.jar;D:\UNQ\PR. CON OBJETOS 1\WOLLOK\plugins\org.apache.commons.cli_1.2.0.v201404270220.jar;D:\UNQ\PR. CON OBJETOS 1\WOLLOK\plugins\org.eclipse.emf.mwe2.runtime_2.11.1.v20191121-1148.jar;D:\UNQ\PR. CON OBJETOS 1\WOLLOK\plugins\org.eclipse.emf.mwe.utils_1.5.1.v20191121-1148.jar;D:\UNQ\PR. CON OBJETOS 1\WOLLOK\plugins\org.eclipse.xtext.util_2.20.0.v20191202-0915.jar;D:\UNQ\PR. CON OBJETOS 1\WOLLOK\plugins\com.google.guava_27.1.0.v20190517-1946.jar;D:\UNQ\PR. CON OBJETOS 1\WOLLOK\plugins\javax.inject_1.0.0.v20091030.jar;D:\UNQ\PR. CON OBJETOS 1\WOLLOK\plugins\org.eclipse.xtext.generator_2.20.0.v20191202-0933.jar;D:\UNQ\PR. CON OBJETOS 1\WOLLOK\plugins\org.eclipse.xtext.xtext.generator_2.20.0.v20191202-0915.jar;D:\UNQ\PR. CON OBJETOS 1\WOLLOK\plugins\org.eclipse.xtext.xbase.lib_2.20.0.v20191202-0907.jar;D:\UNQ\PR. CON OBJETOS 1\WOLLOK\plugins\org.eclipse.emf.codegen.ecore_2.20.0.v20191012-0918.jar;D:\UNQ\PR. CON OBJETOS 1\WOLLOK\plugins\org.eclipse.emf.codegen_2.19.0.v20190821-1536.jar;D:\UNQ\PR. CON OBJETOS 1\WOLLOK\plugins\org.eclipse.xtend_2.2.0.v201605260315.jar;D:\UNQ\PR. CON OBJETOS 1\WOLLOK\plugins\org.eclipse.xpand_2.2.0.v201605260315.jar;D:\UNQ\PR. CON OBJETOS 1\WOLLOK\plugins\org.eclipse.xtend.typesystem.emf_2.2.0.v20
Launcher Type: SUN_STANDARD

Environment Variables:
PATH=C:/Program Files/Eclipse Foundation/jdk-8.0.302.8-hotspot/bin/../jre/bin/server;C:/Program Files/Eclipse Foundation/jdk-8.0.302.8-hotspot/bin/../jre/bin;C:/Program Files/Eclipse Foundation/jdk-8.0.302.8-hotspot/bin/../jre/lib/amd64;C:\Program Files\Eclipse Foundation\jdk-8.0.302.8-hotspot\bin;C:\Windows\system32;C:\Windows;C:\Windows\System32\Wbem;C:\Windows\System32\WindowsPowerShell\v1.0\;C:\Windows\System32\OpenSSH\;C:\Program Files\NVIDIA Corporation\NVIDIA NvDLISR;C:\Program Files (x86)\NVIDIA Corporation\PhysX\Common;C:\Program Files\Git\cmd;C:\Users\ffari\AppData\Local\Microsoft\WindowsApps;;D:\UNQ\PR. CON OBJETOS 1\WOLLOK;
USERNAME=Dalekesovo
OS=Windows_NT
PROCESSOR_IDENTIFIER=Intel64 Family 6 Model 94 Stepping 3, GenuineIntel



---------------  S Y S T E M  ---------------

OS: Windows 10.0 , 64 bit Build 19041 (10.0.19041.1202)

CPU:total 4 (initial active 4) (4 cores per cpu, 1 threads per core) family 6 model 94 stepping 3, cmov, cx8, fxsr, mmx, sse, sse2, sse3, ssse3, sse4.1, sse4.2, popcnt, avx, avx2, aes, clmul, erms, rtm, 3dnowpref, lzcnt, tsc, tscinvbit, bmi1, bmi2, adx

Memory: 4k page, physical 8319968k(3778188k free), swap 17232864k(8396472k free)

vm_info: OpenJDK 64-Bit Server VM (25.302-b08) for windows-amd64 JRE (1.8.0_302-b08), built on Jul 20 2021 21:31:03 by "jenkins" with MS VC++ 12.0 (VS2013)

time: Mon Oct 18 19:51:06 2021
timezone: Hora estándar de Argentina
elapsed time: 3.194955 seconds (0d 0h 0m 3s)

